c:\users\afaqs\onedrive\documents\project c++ win\examinationsystem\debug\vc142.pdb
c:\users\afaqs\onedrive\documents\project c++ win\examinationsystem\debug\.netframework,version=v4.7.2.assemblyattributes.obj
c:\users\afaqs\onedrive\documents\project c++ win\examinationsystem\debug\teacher.obj
c:\users\afaqs\onedrive\documents\project c++ win\examinationsystem\debug\student.obj
c:\users\afaqs\onedrive\documents\project c++ win\examinationsystem\debug\myform.obj
c:\users\afaqs\onedrive\documents\project c++ win\examinationsystem\debug\login.obj
c:\users\afaqs\onedrive\documents\project c++ win\examinationsystem\debug\display.obj
c:\users\afaqs\onedrive\documents\project c++ win\examinationsystem\debug\examinationsystem.display.resources
c:\users\afaqs\onedrive\documents\project c++ win\examinationsystem\debug\examinationsystem.login.resources
c:\users\afaqs\onedrive\documents\project c++ win\examinationsystem\debug\examinationsystem.myform.resources
c:\users\afaqs\onedrive\documents\project c++ win\examinationsystem\debug\examinationsystem.student.resources
c:\users\afaqs\onedrive\documents\project c++ win\examinationsystem\debug\examinationsystem.teacher.resources
c:\users\afaqs\onedrive\documents\project c++ win\examinationsystem\debug\examinationsystem.exe
c:\users\afaqs\onedrive\documents\project c++ win\examinationsystem\debug\examinationsystem.pdb
c:\users\afaqs\onedrive\documents\project c++ win\examinationsystem\debug\examinationsystem.exe.metagen
c:\users\afaqs\onedrive\documents\project c++ win\examinationsystem\debug\examinat.0389c1fe.tlog\cl.command.1.tlog
c:\users\afaqs\onedrive\documents\project c++ win\examinationsystem\debug\examinat.0389c1fe.tlog\cl.write.1.tlog
c:\users\afaqs\onedrive\documents\project c++ win\examinationsystem\debug\examinat.0389c1fe.tlog\examinationsystem.write.1u.tlog
c:\users\afaqs\onedrive\documents\project c++ win\examinationsystem\debug\examinat.0389c1fe.tlog\link.command.1.tlog
c:\users\afaqs\onedrive\documents\project c++ win\examinationsystem\debug\examinat.0389c1fe.tlog\link.read.1.tlog
c:\users\afaqs\onedrive\documents\project c++ win\examinationsystem\debug\examinat.0389c1fe.tlog\link.write.1.tlog
c:\users\afaqs\onedrive\documents\project c++ win\examinationsystem\debug\examinat.0389c1fe.tlog\metagen.read.1.tlog
c:\users\afaqs\onedrive\documents\project c++ win\examinationsystem\debug\examinat.0389c1fe.tlog\metagen.write.1.tlog
